<component name="libraryTable">
  <library name="junit-4.11">
    <CLASSES />
    <JAVADOC />
    <SOURCES>
      <root url="jar://$USER_HOME$/.gradle/caches/modules-2/files-2.1/junit/junit/4.11/28e0ad201304e4a4abf999ca0570b7cffc352c3c/junit-4.11-sources.jar!/" />
    </SOURCES>
  </library>
</component>