<component name="libraryTable">
  <library name="junit-4.11.jar-junit-4.11">
    <CLASSES>
      <root url="jar://$USER_HOME$/.gvm/gradle/1.11/lib/plugins/junit-4.11.jar!/" />
    </CLASSES>
    <JAVADOC />
    <SOURCES />
  </library>
</component>